<?xml version="1.0" encoding="UTF-8"?>
<testng-results skipped="0" failed="1" ignored="0" total="4" passed="3">
  <reporter-output>
  </reporter-output>
  <suite name="Amazon Suite" duration-ms="26170" started-at="2022-04-21T18:47:32 IST" finished-at="2022-04-21T18:47:58 IST">
    <groups>
    </groups>
    <test name="Home Test" duration-ms="24184" started-at="2022-04-21T18:47:32 IST" finished-at="2022-04-21T18:47:56 IST">
      <class name="home_Tests.Home_Tests">
        <test-method status="PASS" signature="beforeClass()[pri:0, instance:home_Tests.Home_Tests@77ec78b9]" name="beforeClass" is-config="true" duration-ms="39" started-at="2022-04-21T18:47:32 IST" finished-at="2022-04-21T18:47:32 IST">
          <reporter-output>
          </reporter-output>
        </test-method> <!-- beforeClass -->
        <test-method status="PASS" signature="startTest(java.lang.reflect.Method)[pri:0, instance:home_Tests.Home_Tests@77ec78b9]" name="startTest" is-config="true" duration-ms="3" started-at="2022-04-21T18:47:32 IST" finished-at="2022-04-21T18:47:32 IST">
          <params>
            <param index="0">
              <value>
                <![CDATA[public void home_Tests.Home_Tests.verifyHeaders() throws java.lang.SecurityException,java.io.IOException]]>
              </value>
            </param>
          </params>
          <reporter-output>
          </reporter-output>
        </test-method> <!-- startTest -->
        <test-method status="PASS" signature="verifyHeaders()[pri:0, instance:home_Tests.Home_Tests@77ec78b9]" name="verifyHeaders" duration-ms="477" started-at="2022-04-21T18:47:32 IST" finished-at="2022-04-21T18:47:33 IST">
          <reporter-output>
          </reporter-output>
        </test-method> <!-- verifyHeaders -->
        <test-method status="PASS" signature="tearDown(org.testng.ITestResult)[pri:0, instance:home_Tests.Home_Tests@77ec78b9]" name="tearDown" is-config="true" duration-ms="1" started-at="2022-04-21T18:47:33 IST" finished-at="2022-04-21T18:47:33 IST">
          <params>
            <param index="0">
              <value>
                <![CDATA[[TestResult name=verifyHeaders status=SUCCESS method=Home_Tests.verifyHeaders()[pri:0, instance:home_Tests.Home_Tests@77ec78b9] output={null}]]]>
              </value>
            </param>
          </params>
          <reporter-output>
          </reporter-output>
        </test-method> <!-- tearDown -->
        <test-method status="PASS" signature="startTest(java.lang.reflect.Method)[pri:0, instance:home_Tests.Home_Tests@77ec78b9]" name="startTest" is-config="true" duration-ms="1" started-at="2022-04-21T18:47:33 IST" finished-at="2022-04-21T18:47:33 IST">
          <params>
            <param index="0">
              <value>
                <![CDATA[void home_Tests.Home_Tests.verifyCategories_AmazonHome() throws java.lang.SecurityException,java.io.IOException]]>
              </value>
            </param>
          </params>
          <reporter-output>
          </reporter-output>
        </test-method> <!-- startTest -->
        <test-method status="PASS" signature="verifyCategories_AmazonHome()[pri:1, instance:home_Tests.Home_Tests@77ec78b9]" name="verifyCategories_AmazonHome" duration-ms="2868" started-at="2022-04-21T18:47:33 IST" finished-at="2022-04-21T18:47:36 IST">
          <reporter-output>
          </reporter-output>
        </test-method> <!-- verifyCategories_AmazonHome -->
        <test-method status="PASS" signature="tearDown(org.testng.ITestResult)[pri:0, instance:home_Tests.Home_Tests@77ec78b9]" name="tearDown" is-config="true" duration-ms="0" started-at="2022-04-21T18:47:36 IST" finished-at="2022-04-21T18:47:36 IST">
          <params>
            <param index="0">
              <value>
                <![CDATA[[TestResult name=verifyCategories_AmazonHome status=SUCCESS method=Home_Tests.verifyCategories_AmazonHome()[pri:1, instance:home_Tests.Home_Tests@77ec78b9] output={null}]]]>
              </value>
            </param>
          </params>
          <reporter-output>
          </reporter-output>
        </test-method> <!-- tearDown -->
        <test-method status="PASS" signature="VerifySignInPage()[pri:2, instance:home_Tests.Home_Tests@77ec78b9]" name="VerifySignInPage" duration-ms="20490" started-at="2022-04-21T18:47:36 IST" finished-at="2022-04-21T18:47:56 IST">
          <reporter-output>
          </reporter-output>
        </test-method> <!-- VerifySignInPage -->
        <test-method status="PASS" signature="startTest(java.lang.reflect.Method)[pri:0, instance:home_Tests.Home_Tests@77ec78b9]" name="startTest" is-config="true" duration-ms="0" started-at="2022-04-21T18:47:36 IST" finished-at="2022-04-21T18:47:36 IST">
          <params>
            <param index="0">
              <value>
                <![CDATA[void home_Tests.Home_Tests.VerifySignInPage()]]>
              </value>
            </param>
          </params>
          <reporter-output>
          </reporter-output>
        </test-method> <!-- startTest -->
        <test-method status="PASS" signature="tearDown(org.testng.ITestResult)[pri:0, instance:home_Tests.Home_Tests@77ec78b9]" name="tearDown" is-config="true" duration-ms="1" started-at="2022-04-21T18:47:56 IST" finished-at="2022-04-21T18:47:56 IST">
          <params>
            <param index="0">
              <value>
                <![CDATA[[TestResult name=VerifySignInPage status=SUCCESS method=Home_Tests.VerifySignInPage()[pri:2, instance:home_Tests.Home_Tests@77ec78b9] output={null}]]]>
              </value>
            </param>
          </params>
          <reporter-output>
          </reporter-output>
        </test-method> <!-- tearDown -->
        <test-method status="PASS" signature="endReport()[pri:0, instance:home_Tests.Home_Tests@77ec78b9]" name="endReport" is-config="true" duration-ms="268" started-at="2022-04-21T18:47:56 IST" finished-at="2022-04-21T18:47:56 IST">
          <reporter-output>
          </reporter-output>
        </test-method> <!-- endReport -->
      </class> <!-- home_Tests.Home_Tests -->
    </test> <!-- Home Test -->
    <test name="Search Test" duration-ms="1973" started-at="2022-04-21T18:47:56 IST" finished-at="2022-04-21T18:47:58 IST">
      <class name="searchProduct_Tests.Search_Tests">
        <test-method status="PASS" signature="init()[pri:0, instance:searchProduct_Tests.Search_Tests@51c8530f]" name="init" is-config="true" duration-ms="27037" started-at="2022-04-21T18:47:05 IST" finished-at="2022-04-21T18:47:32 IST">
          <reporter-output>
          </reporter-output>
        </test-method> <!-- init -->
        <test-method status="PASS" signature="beforeClass()[pri:0, instance:searchProduct_Tests.Search_Tests@51c8530f]" name="beforeClass" is-config="true" duration-ms="4" started-at="2022-04-21T18:47:56 IST" finished-at="2022-04-21T18:47:56 IST">
          <reporter-output>
          </reporter-output>
        </test-method> <!-- beforeClass -->
        <test-method status="PASS" signature="startTest(java.lang.reflect.Method)[pri:0, instance:searchProduct_Tests.Search_Tests@51c8530f]" name="startTest" is-config="true" duration-ms="1" started-at="2022-04-21T18:47:56 IST" finished-at="2022-04-21T18:47:56 IST">
          <params>
            <param index="0">
              <value>
                <![CDATA[void searchProduct_Tests.Search_Tests.searchProduct_SearchTextbox() throws java.lang.InterruptedException]]>
              </value>
            </param>
          </params>
          <reporter-output>
          </reporter-output>
        </test-method> <!-- startTest -->
        <test-method status="FAIL" signature="searchProduct_SearchTextbox()[pri:3, instance:searchProduct_Tests.Search_Tests@51c8530f]" name="searchProduct_SearchTextbox" duration-ms="1340" started-at="2022-04-21T18:47:56 IST" finished-at="2022-04-21T18:47:58 IST">
          <exception class="org.openqa.selenium.NoSuchElementException">
            <message>
              <![CDATA[no such element: Unable to locate element: {"method":"css selector","selector":"input#twotabsearch textbox"}
  (Session info: chrome=100.0.4896.88)
For documentation on this error, please visit: https://www.seleniumhq.org/exceptions/no_such_element.html
Build info: version: '3.141.59', revision: 'e82be7d358', time: '2018-11-14T08:17:03'
System info: host: 'LAPTOP-IN3O14F1', ip: '192.168.235.57', os.name: 'Windows 10', os.arch: 'amd64', os.version: '10.0', java.version: '1.8.0_311'
Driver info: org.openqa.selenium.chrome.ChromeDriver
Capabilities {acceptInsecureCerts: false, browserName: chrome, browserVersion: 100.0.4896.88, chrome: {chromedriverVersion: 100.0.4896.60 (6a5d10861ce8..., userDataDir: C:\Users\uniqu\AppData\Loca...}, goog:chromeOptions: {debuggerAddress: localhost:58631}, javascriptEnabled: true, networkConnectionEnabled: false, pageLoadStrategy: normal, platform: WINDOWS, platformName: WINDOWS, proxy: Proxy(), setWindowRect: true, strictFileInteractability: false, timeouts: {implicit: 0, pageLoad: 300000, script: 30000}, unhandledPromptBehavior: dismiss and notify, webauthn:extension:credBlob: true, webauthn:extension:largeBlob: true, webauthn:virtualAuthenticators: true}
Session ID: 8ab8c86f459d5e50bb737b2700e03115
*** Element info: {Using=css selector, value=input#twotabsearch textbox}]]>
            </message>
            <full-stacktrace>
              <![CDATA[org.openqa.selenium.NoSuchElementException: no such element: Unable to locate element: {"method":"css selector","selector":"input#twotabsearch textbox"}
  (Session info: chrome=100.0.4896.88)
For documentation on this error, please visit: https://www.seleniumhq.org/exceptions/no_such_element.html
Build info: version: '3.141.59', revision: 'e82be7d358', time: '2018-11-14T08:17:03'
System info: host: 'LAPTOP-IN3O14F1', ip: '192.168.235.57', os.name: 'Windows 10', os.arch: 'amd64', os.version: '10.0', java.version: '1.8.0_311'
Driver info: org.openqa.selenium.chrome.ChromeDriver
Capabilities {acceptInsecureCerts: false, browserName: chrome, browserVersion: 100.0.4896.88, chrome: {chromedriverVersion: 100.0.4896.60 (6a5d10861ce8..., userDataDir: C:\Users\uniqu\AppData\Loca...}, goog:chromeOptions: {debuggerAddress: localhost:58631}, javascriptEnabled: true, networkConnectionEnabled: false, pageLoadStrategy: normal, platform: WINDOWS, platformName: WINDOWS, proxy: Proxy(), setWindowRect: true, strictFileInteractability: false, timeouts: {implicit: 0, pageLoad: 300000, script: 30000}, unhandledPromptBehavior: dismiss and notify, webauthn:extension:credBlob: true, webauthn:extension:largeBlob: true, webauthn:virtualAuthenticators: true}
Session ID: 8ab8c86f459d5e50bb737b2700e03115
*** Element info: {Using=css selector, value=input#twotabsearch textbox}
at sun.reflect.NativeConstructorAccessorImpl.newInstance0(Native Method)
at sun.reflect.NativeConstructorAccessorImpl.newInstance(Unknown Source)
at sun.reflect.DelegatingConstructorAccessorImpl.newInstance(Unknown Source)
at java.lang.reflect.Constructor.newInstance(Unknown Source)
at org.openqa.selenium.remote.http.W3CHttpResponseCodec.createException(W3CHttpResponseCodec.java:187)
at org.openqa.selenium.remote.http.W3CHttpResponseCodec.decode(W3CHttpResponseCodec.java:122)
at org.openqa.selenium.remote.http.W3CHttpResponseCodec.decode(W3CHttpResponseCodec.java:49)
at org.openqa.selenium.remote.HttpCommandExecutor.execute(HttpCommandExecutor.java:158)
at org.openqa.selenium.remote.service.DriverCommandExecutor.execute(DriverCommandExecutor.java:83)
at org.openqa.selenium.remote.RemoteWebDriver.execute(RemoteWebDriver.java:552)
at org.openqa.selenium.remote.RemoteWebDriver.findElement(RemoteWebDriver.java:323)
at org.openqa.selenium.remote.RemoteWebDriver.findElementByCssSelector(RemoteWebDriver.java:420)
at org.openqa.selenium.By$ByCssSelector.findElement(By.java:431)
at org.openqa.selenium.remote.RemoteWebDriver.findElement(RemoteWebDriver.java:315)
at org.openqa.selenium.support.pagefactory.DefaultElementLocator.findElement(DefaultElementLocator.java:69)
at org.openqa.selenium.support.pagefactory.internal.LocatingElementHandler.invoke(LocatingElementHandler.java:38)
at com.sun.proxy.$Proxy13.isDisplayed(Unknown Source)
at utilities.TestUtilities.verifyElementDisplayed(TestUtilities.java:46)
at searchProduct_Tests.Search_Tests.searchProduct_SearchTextbox(Search_Tests.java:36)
at sun.reflect.NativeMethodAccessorImpl.invoke0(Native Method)
at sun.reflect.NativeMethodAccessorImpl.invoke(Unknown Source)
at sun.reflect.DelegatingMethodAccessorImpl.invoke(Unknown Source)
at java.lang.reflect.Method.invoke(Unknown Source)
at org.testng.internal.MethodInvocationHelper.invokeMethod(MethodInvocationHelper.java:133)
at org.testng.internal.TestInvoker.invokeMethod(TestInvoker.java:598)
at org.testng.internal.TestInvoker.invokeTestMethod(TestInvoker.java:173)
at org.testng.internal.MethodRunner.runInSequence(MethodRunner.java:46)
at org.testng.internal.TestInvoker$MethodInvocationAgent.invoke(TestInvoker.java:824)
at org.testng.internal.TestInvoker.invokeTestMethods(TestInvoker.java:146)
at org.testng.internal.TestMethodWorker.invokeTestMethods(TestMethodWorker.java:146)
at org.testng.internal.TestMethodWorker.run(TestMethodWorker.java:128)
at java.util.ArrayList.forEach(Unknown Source)
at org.testng.TestRunner.privateRun(TestRunner.java:794)
at org.testng.TestRunner.run(TestRunner.java:596)
at org.testng.SuiteRunner.runTest(SuiteRunner.java:377)
at org.testng.SuiteRunner.runSequentially(SuiteRunner.java:371)
at org.testng.SuiteRunner.privateRun(SuiteRunner.java:332)
at org.testng.SuiteRunner.run(SuiteRunner.java:276)
at org.testng.SuiteRunnerWorker.runSuite(SuiteRunnerWorker.java:53)
at org.testng.SuiteRunnerWorker.run(SuiteRunnerWorker.java:96)
at org.testng.TestNG.runSuitesSequentially(TestNG.java:1212)
at org.testng.TestNG.runSuitesLocally(TestNG.java:1134)
at org.testng.TestNG.runSuites(TestNG.java:1063)
at org.testng.TestNG.run(TestNG.java:1031)
at org.testng.remote.AbstractRemoteTestNG.run(AbstractRemoteTestNG.java:115)
at org.testng.remote.RemoteTestNG.initAndRun(RemoteTestNG.java:251)
at org.testng.remote.RemoteTestNG.main(RemoteTestNG.java:77)
]]>
            </full-stacktrace>
          </exception> <!-- org.openqa.selenium.NoSuchElementException -->
          <reporter-output>
          </reporter-output>
        </test-method> <!-- searchProduct_SearchTextbox -->
        <test-method status="PASS" signature="tearDown(org.testng.ITestResult)[pri:0, instance:searchProduct_Tests.Search_Tests@51c8530f]" name="tearDown" is-config="true" duration-ms="589" started-at="2022-04-21T18:47:58 IST" finished-at="2022-04-21T18:47:58 IST">
          <params>
            <param index="0">
              <value>
                <![CDATA[[TestResult name=searchProduct_SearchTextbox status=FAILURE method=Search_Tests.searchProduct_SearchTextbox()[pri:3, instance:searchProduct_Tests.Search_Tests@51c8530f] output={null}]]]>
              </value>
            </param>
          </params>
          <reporter-output>
          </reporter-output>
        </test-method> <!-- tearDown -->
        <test-method status="PASS" signature="endReport()[pri:0, instance:searchProduct_Tests.Search_Tests@51c8530f]" name="endReport" is-config="true" duration-ms="36" started-at="2022-04-21T18:47:58 IST" finished-at="2022-04-21T18:47:58 IST">
          <reporter-output>
          </reporter-output>
        </test-method> <!-- endReport -->
        <test-method status="PASS" signature="EndTest()[pri:0, instance:searchProduct_Tests.Search_Tests@51c8530f]" name="EndTest" is-config="true" duration-ms="5746" started-at="2022-04-21T18:47:58 IST" finished-at="2022-04-21T18:48:04 IST">
          <reporter-output>
          </reporter-output>
        </test-method> <!-- EndTest -->
      </class> <!-- searchProduct_Tests.Search_Tests -->
    </test> <!-- Search Test -->
  </suite> <!-- Amazon Suite -->
</testng-results>
